已經開始建置於 2012/5/31 上午 02:18:12。
     1>節點 2 (build 目標) 上的專案 "C:\Users\HolyK\Desktop\HW\OpenMesh_Parameterization\OpenMesh_Parameterization\OpenMesh_Parameterization.vcxproj"。
     1>InitializeBuildStatus:
         由於指定了 "AlwaysCreate"，因此正在建立 "Release\OpenMesh_Parameterization.unsuccessfulbuild"。
       GenerateTargetFrameworkMonikerAttribute:
       將略過目標 "GenerateTargetFrameworkMonikerAttribute"，因為所有輸出檔對於其輸入檔而言都已更新。
       ClCompile:
         所有輸出都是最新的。
         C:\Program Files (x86)\Microsoft Visual Studio 10.0\VC\bin\CL.exe /c /I..\opencv\include\opencv /I..\opencv\include /I..\openmesh /I..\LinearSystem\Include /I..\LinearSystem\Taucs_vc8\src /AI"C:\Program Files (x86)\Reference Assemblies\Microsoft\Framework\.NETFramework\v4.0" /Zi /clr /nologo /W3 /WX- /O2 /Oy- /D WIN32 /D NDEBUG /D _USE_MATH_DEFINES /D _MBCS /EHa /MD /GS /fp:precise /Zc:wchar_t /Zc:forScope /Yu"StdAfx.h" /Fp"Release\OpenMesh_Parameterization.pch" /Fo"Release\\" /Fd"Release\vc100.pdb" /TP /FUC:\Users\HolyK\Desktop\Project\OpenMesh_Parameterization\Release\GLPanel.dll /FU"C:\Program Files (x86)\Reference Assemblies\Microsoft\Framework\.NETFramework\v4.0\Microsoft.VisualC.dll" /FU"C:\Program Files (x86)\Reference Assemblies\Microsoft\Framework\.NETFramework\v4.0\System.Core.dll" /FU"C:\Program Files (x86)\Reference Assemblies\Microsoft\Framework\.NETFramework\v4.0\System.Data.dll" /FU"C:\Program Files (x86)\Reference Assemblies\Microsoft\Framework\.NETFramework\v4.0\System.Design.dll" /FU"C:\Program Files (x86)\Reference Assemblies\Microsoft\Framework\.NETFramework\v4.0\System.dll" /FU"C:\Program Files (x86)\Reference Assemblies\Microsoft\Framework\.NETFramework\v4.0\System.Drawing.dll" /FU"C:\Program Files (x86)\Reference Assemblies\Microsoft\Framework\.NETFramework\v4.0\System.Windows.Forms.dll" /FU"C:\Program Files (x86)\Reference Assemblies\Microsoft\Framework\.NETFramework\v4.0\System.Xml.dll" /analyze- /errorReport:prompt OpenMesh_Parameterization.cpp /clr:nostdlib 
         OpenMesh_Parameterization.cpp
         Automatically linking with LinearSystemLib_MD.lib.
     1>c:\users\holyk\desktop\hw\openmesh_parameterization\opencv\include\opencv2\flann\dist.h : warning C4819: 檔案含有無法在目前字碼頁 (950) 中表示的字元。請以 Unicode 格式儲存檔案以防止資料遺失
     1>c:\users\holyk\desktop\hw\openmesh_parameterization\opencv\include\opencv2\flann\dist.h : warning C4819: 檔案含有無法在目前字碼頁 (950) 中表示的字元。請以 Unicode 格式儲存檔案以防止資料遺失
     1>c:\users\holyk\desktop\hw\openmesh_parameterization\opencv\include\opencv2\flann\dist.h : warning C4819: 檔案含有無法在目前字碼頁 (950) 中表示的字元。請以 Unicode 格式儲存檔案以防止資料遺失
     1>c:\users\holyk\desktop\hw\openmesh_parameterization\opencv\include\opencv2\flann\dist.h : warning C4819: 檔案含有無法在目前字碼頁 (950) 中表示的字元。請以 Unicode 格式儲存檔案以防止資料遺失
     1>C:\Users\HolyK\Desktop\HW\OpenMesh_Parameterization\opencv\include\opencv2/legacy/compat.hpp : warning C4819: 檔案含有無法在目前字碼頁 (950) 中表示的字元。請以 Unicode 格式儲存檔案以防止資料遺失
     1>c:\users\holyk\desktop\hw\openmesh_parameterization\openmesh_parameterization\Data.h(50): warning C4018: '<' : signed/unsigned 不相符
     1>c:\users\holyk\desktop\hw\openmesh_parameterization\openmesh_parameterization\Data.h(62): warning C4018: '<' : signed/unsigned 不相符
     1>c:\users\holyk\desktop\hw\openmesh_parameterization\openmesh_parameterization\Data.h(131): warning C4018: '<' : signed/unsigned 不相符
     1>c:\users\holyk\desktop\hw\openmesh_parameterization\openmesh_parameterization\Data.h(145): warning C4101: 'z' : 未參考的區域變數
     1>c:\users\holyk\desktop\hw\openmesh_parameterization\openmesh_parameterization\Data.h(209): warning C4018: '<' : signed/unsigned 不相符
     1>c:\users\holyk\desktop\hw\openmesh_parameterization\openmesh_parameterization\Data.h(220): warning C4018: '<' : signed/unsigned 不相符
     1>c:\users\holyk\desktop\hw\openmesh_parameterization\openmesh_parameterization\Data.h(273): warning C4018: '<' : signed/unsigned 不相符
     1>c:\users\holyk\desktop\hw\openmesh_parameterization\openmesh_parameterization\Form1.h(717): warning C4018: '<' : signed/unsigned 不相符
     1>c:\users\holyk\desktop\hw\openmesh_parameterization\openmesh_parameterization\Form1.h(725): warning C4018: '<' : signed/unsigned 不相符
     1>c:\users\holyk\desktop\hw\openmesh_parameterization\openmesh_parameterization\Form1.h(727): warning C4018: '<' : signed/unsigned 不相符
     1>c:\users\holyk\desktop\hw\openmesh_parameterization\openmesh_parameterization\Form1.h(888): warning C4018: '<' : signed/unsigned 不相符
     1>c:\users\holyk\desktop\hw\openmesh_parameterization\openmesh_parameterization\Form1.h(949): warning C4018: '<' : signed/unsigned 不相符
     1>c:\users\holyk\desktop\hw\openmesh_parameterization\openmesh_parameterization\Form1.h(963): warning C4018: '<' : signed/unsigned 不相符
     1>c:\users\holyk\desktop\hw\openmesh_parameterization\openmesh_parameterization\Form1.h(1018): warning C4018: '<' : signed/unsigned 不相符
     1>c:\users\holyk\desktop\hw\openmesh_parameterization\openmesh_parameterization\Form1.h(1033): warning C4018: '<' : signed/unsigned 不相符
     1>c:\users\holyk\desktop\hw\openmesh_parameterization\openmesh_parameterization\Form1.h(1090): warning C4018: '<' : signed/unsigned 不相符
     1>c:\users\holyk\desktop\hw\openmesh_parameterization\openmesh_parameterization\Form1.h(1232): warning C4018: '<' : signed/unsigned 不相符
     1>C:\Users\HolyK\Desktop\HW\OpenMesh_Parameterization\openmesh\OpenMesh/Core/Utils/vector_cast.hh(97): warning C4244: '=' : 將 'const double' 轉換為 'float'，由於型別不同，可能導致資料遺失
                 C:\Users\HolyK\Desktop\HW\OpenMesh_Parameterization\openmesh\OpenMesh/Core/Utils/vector_cast.hh(144) : 請參閱所要編譯的函式 樣板 具現化 'void OpenMesh::vector_copy<src_t,dst_t>(const src_t &,dst_t &,OpenMesh::GenProg::Int2Type<i>)' 的參考
                 with
                 [
                     src_t=OpenMesh::VectorT<double,3>,
                     dst_t=OpenMesh::Vec3f,
                     i=3
                 ]
                 C:\Users\HolyK\Desktop\HW\OpenMesh_Parameterization\openmesh\OpenMesh/Core/Utils/vector_cast.hh(142) : 編譯類別 樣板 成員函式 'OpenMesh::VectorT<Scalar,N> OpenMesh::vector_caster<dst_t,src_t>::cast(const src_t &)' 時
                 with
                 [
                     Scalar=float,
                     N=3,
                     dst_t=OpenMesh::Vec3f,
                     src_t=OpenMesh::VectorT<double,3>
                 ]
                 C:\Users\HolyK\Desktop\HW\OpenMesh_Parameterization\openmesh\OpenMesh/Core/IO/exporter/ExporterT.hh(92) : 請參閱所要編譯的類別 樣板 具現化 'OpenMesh::vector_caster<dst_t,src_t>' 的參考
                 with
                 [
                     dst_t=OpenMesh::Vec3f,
                     src_t=OpenMesh::VectorT<double,3>
                 ]
                 C:\Users\HolyK\Desktop\HW\OpenMesh_Parameterization\openmesh\OpenMesh/Core/IO/exporter/ExporterT.hh(91) : 編譯類別 樣板 成員函式 'OpenMesh::Vec3f OpenMesh::IO::ExporterT<Mesh>::point(OpenMesh::VertexHandle) const' 時
                 with
                 [
                     Mesh=Tri_Mesh
                 ]
                 C:\Users\HolyK\Desktop\HW\OpenMesh_Parameterization\openmesh\OpenMesh/Core/IO/MeshIO.hh(195) : 請參閱所要編譯的類別 樣板 具現化 'OpenMesh::IO::ExporterT<Mesh>' 的參考
                 with
                 [
                     Mesh=Tri_Mesh
                 ]
                 c:\users\holyk\desktop\hw\openmesh_parameterization\openmesh_parameterization\Data.h(235) : 請參閱所要編譯的函式 樣板 具現化 'bool OpenMesh::IO::write_mesh<Tri_Mesh>(const Mesh &,const std::string &,OpenMesh::IO::Options)' 的參考
                 with
                 [
                     Mesh=Tri_Mesh
                 ]
     1>C:\Users\HolyK\Desktop\HW\OpenMesh_Parameterization\openmesh\OpenMesh/Core/Utils/vector_cast.hh(98): warning C4244: '=' : 將 'const double' 轉換為 'float'，由於型別不同，可能導致資料遺失
     1>C:\Users\HolyK\Desktop\HW\OpenMesh_Parameterization\openmesh\OpenMesh/Core/Utils/vector_cast.hh(99): warning C4244: '=' : 將 'const double' 轉換為 'float'，由於型別不同，可能導致資料遺失
     1>c:\users\holyk\desktop\hw\openmesh_parameterization\opencv\include\opencv2\core\mat.hpp(381): warning C4793: 'cv::Mat::release' : 函式以機器碼編譯 :
         	找到 Managed 程式碼中不支援的內建
     1>c:\users\holyk\desktop\hw\openmesh_parameterization\opencv\include\opencv2\core\mat.hpp(2092): warning C4793: 'cv::SparseMat::addref' : 函式以機器碼編譯 :
         	找到 Managed 程式碼中不支援的內建
     1>c:\users\holyk\desktop\hw\openmesh_parameterization\opencv\include\opencv2\core\mat.hpp(115): warning C4793: 'cv::Mat::Mat' : 函式以機器碼編譯 :
         	找到 Managed 程式碼中不支援的內建
         所有輸出都是最新的。
       CoreResGen:
         所有輸出都是最新的。
       ResourceCompile:
         所有輸出都是最新的。
       Link:
         C:\Program Files (x86)\Microsoft Visual Studio 10.0\VC\bin\link.exe /ERRORREPORT:PROMPT /OUT:"C:\Users\HolyK\Desktop\HW\OpenMesh_Parameterization\Release\OpenMesh_Parameterization.exe" /INCREMENTAL:NO /NOLOGO /LIBPATH:..\openmesh /LIBPATH:..\freeglut /LIBPATH:..\opencv /LIBPATH:..\LinearSystem\Taucs_vc8\lib /LIBPATH:..\LinearSystem\lib libOpenMeshCore.lib glut32.lib opengl32.lib glu32.lib opencv_core231.lib opencv_highgui231.lib opencv_video231.lib opencv_ml231.lib opencv_legacy231.lib opencv_imgproc231.lib opencv_objdetect231.lib kernel32.lib user32.lib gdi32.lib winspool.lib comdlg32.lib advapi32.lib shell32.lib ole32.lib oleaut32.lib uuid.lib odbc32.lib odbccp32.lib /ASSEMBLYRESOURCE:Release\OpenMesh_Parameterization.Form1.resources /MANIFEST /ManifestFile:"Release\OpenMesh_Parameterization.exe.intermediate.manifest" /MANIFESTUAC:"level='asInvoker' uiAccess='false'" /DEBUG /PDB:"C:\Users\HolyK\Desktop\HW\OpenMesh_Parameterization\Release\OpenMesh_Parameterization.pdb" /SUBSYSTEM:WINDOWS /TLBID:1 /ENTRY:"main" /DYNAMICBASE /FIXED:NO /NXCOMPAT /MACHINE:X86 Release\app.res
         Release\AssemblyInfo.obj
         Release\DotNetUitilities.obj
         Release\GUA_OM.obj
         Release\OpenMesh_Parameterization.obj
         Release\stdafx.obj
         "Release\.NETFramework,Version=v4.0.AssemblyAttributes.obj"
         OpenMesh_Parameterization.vcxproj -> C:\Users\HolyK\Desktop\HW\OpenMesh_Parameterization\Release\OpenMesh_Parameterization.exe
       Manifest:
         C:\Program Files (x86)\Microsoft SDKs\Windows\v7.0A\bin\mt.exe /nologo /verbose /outputresource:"C:\Users\HolyK\Desktop\HW\OpenMesh_Parameterization\Release\OpenMesh_Parameterization.exe;#1" /manifest Release\OpenMesh_Parameterization.exe.intermediate.manifest
       FinalizeBuildStatus:
         正在刪除檔案 "Release\OpenMesh_Parameterization.unsuccessfulbuild"。
         正在變更時間戳記 "Release\OpenMesh_Parameterization.lastbuildstate"。
     1>專案 "C:\Users\HolyK\Desktop\HW\OpenMesh_Parameterization\OpenMesh_Parameterization\OpenMesh_Parameterization.vcxproj" (build 目標) 建置完成。

建置成功。

經過時間 00:00:10.27
