C:\USERS\HOLYK\DESKTOP\HW\OPENMESH_PARAMETERIZATION\OPENMESH_PARAMETERIZATION\RELEASE\.NETFRAMEWORK,VERSION=V4.0.ASSEMBLYATTRIBUTES.OBJ
C:\USERS\HOLYK\DESKTOP\HW\OPENMESH_PARAMETERIZATION\OPENMESH_PARAMETERIZATION\RELEASE\APP.RES
C:\USERS\HOLYK\DESKTOP\HW\OPENMESH_PARAMETERIZATION\OPENMESH_PARAMETERIZATION\RELEASE\ASSEMBLYINFO.OBJ
C:\Users\HolyK\Desktop\HW\OpenMesh_Parameterization\OpenMesh_Parameterization\Release\cl.command.1.tlog
C:\Users\HolyK\Desktop\HW\OpenMesh_Parameterization\OpenMesh_Parameterization\Release\CL.read.1.tlog
C:\Users\HolyK\Desktop\HW\OpenMesh_Parameterization\OpenMesh_Parameterization\Release\CL.write.1.tlog
C:\USERS\HOLYK\DESKTOP\HW\OPENMESH_PARAMETERIZATION\OPENMESH_PARAMETERIZATION\RELEASE\DOTNETUITILITIES.OBJ
C:\Users\HolyK\Desktop\HW\OpenMesh_Parameterization\OpenMesh_Parameterization\Release\GenerateResource.read.332.tlog
C:\Users\HolyK\Desktop\HW\OpenMesh_Parameterization\OpenMesh_Parameterization\Release\GenerateResource.read.490.tlog
C:\Users\HolyK\Desktop\HW\OpenMesh_Parameterization\OpenMesh_Parameterization\Release\GenerateResource.read.541.tlog
C:\Users\HolyK\Desktop\HW\OpenMesh_Parameterization\OpenMesh_Parameterization\Release\GenerateResource.write.332.tlog
C:\Users\HolyK\Desktop\HW\OpenMesh_Parameterization\OpenMesh_Parameterization\Release\GenerateResource.write.490.tlog
C:\Users\HolyK\Desktop\HW\OpenMesh_Parameterization\OpenMesh_Parameterization\Release\GenerateResource.write.541.tlog
C:\USERS\HOLYK\DESKTOP\HW\OPENMESH_PARAMETERIZATION\OPENMESH_PARAMETERIZATION\RELEASE\GUA_OM.OBJ
C:\Users\HolyK\Desktop\HW\OpenMesh_Parameterization\OpenMesh_Parameterization\Release\link.command.1.tlog
C:\Users\HolyK\Desktop\HW\OpenMesh_Parameterization\OpenMesh_Parameterization\Release\link.read.1.tlog
C:\Users\HolyK\Desktop\HW\OpenMesh_Parameterization\OpenMesh_Parameterization\Release\link.write.1.tlog
C:\Users\HolyK\Desktop\HW\OpenMesh_Parameterization\OpenMesh_Parameterization\Release\link-cvtres.read.1.tlog
C:\Users\HolyK\Desktop\HW\OpenMesh_Parameterization\OpenMesh_Parameterization\Release\link-cvtres.write.1.tlog
C:\Users\HolyK\Desktop\HW\OpenMesh_Parameterization\OpenMesh_Parameterization\Release\mt.command.1.tlog
C:\Users\HolyK\Desktop\HW\OpenMesh_Parameterization\OpenMesh_Parameterization\Release\mt.read.1.tlog
C:\Users\HolyK\Desktop\HW\OpenMesh_Parameterization\OpenMesh_Parameterization\Release\mt.write.1.tlog
C:\USERS\HOLYK\DESKTOP\HW\OPENMESH_PARAMETERIZATION\OPENMESH_PARAMETERIZATION\RELEASE\OPENMESH_PARAMETERIZATION.EXE.INTERMEDIATE.MANIFEST
C:\USERS\HOLYK\DESKTOP\HW\OPENMESH_PARAMETERIZATION\OPENMESH_PARAMETERIZATION\RELEASE\OPENMESH_PARAMETERIZATION.FORM1.RESOURCES
C:\USERS\HOLYK\DESKTOP\HW\OPENMESH_PARAMETERIZATION\OPENMESH_PARAMETERIZATION\RELEASE\OPENMESH_PARAMETERIZATION.OBJ
C:\USERS\HOLYK\DESKTOP\HW\OPENMESH_PARAMETERIZATION\OPENMESH_PARAMETERIZATION\RELEASE\OPENMESH_PARAMETERIZATION.PCH
C:\Users\HolyK\Desktop\HW\OpenMesh_Parameterization\OpenMesh_Parameterization\Release\OpenMesh_Parameterization.write.1.tlog
C:\Users\HolyK\Desktop\HW\OpenMesh_Parameterization\OpenMesh_Parameterization\Release\rc.command.1.tlog
C:\Users\HolyK\Desktop\HW\OpenMesh_Parameterization\OpenMesh_Parameterization\Release\rc.read.1.tlog
C:\Users\HolyK\Desktop\HW\OpenMesh_Parameterization\OpenMesh_Parameterization\Release\rc.write.1.tlog
C:\Users\HolyK\Desktop\HW\OpenMesh_Parameterization\OpenMesh_Parameterization\Release\ResolveAssemblyReference.cache
C:\USERS\HOLYK\DESKTOP\HW\OPENMESH_PARAMETERIZATION\OPENMESH_PARAMETERIZATION\RELEASE\STDAFX.OBJ
C:\USERS\HOLYK\DESKTOP\HW\OPENMESH_PARAMETERIZATION\OPENMESH_PARAMETERIZATION\RELEASE\VC100.PDB
C:\Users\HolyK\Desktop\HW\OpenMesh_Parameterization\Release\GLPanel.dll
C:\USERS\HOLYK\DESKTOP\HW\OPENMESH_PARAMETERIZATION\RELEASE\OPENMESH_PARAMETERIZATION.EXE
C:\USERS\HOLYK\DESKTOP\HW\OPENMESH_PARAMETERIZATION\RELEASE\OPENMESH_PARAMETERIZATION.PDB
